<?xml version="1.0" encoding="UTF-8"?>
<testng-results skipped="0" failed="0" ignored="0" total="1" passed="1">
  <reporter-output>
  </reporter-output>
  <suite name="Default suite" duration-ms="15860" started-at="2019-02-17T12:58:33Z" finished-at="2019-02-17T12:58:49Z">
    <groups>
    </groups>
    <test name="Default test" duration-ms="15860" started-at="2019-02-17T12:58:33Z" finished-at="2019-02-17T12:58:49Z">
      <class name="TestNGEx.test.NewTest1">
        <test-method status="PASS" signature="launch()[pri:0, instance:TestNGEx.test.NewTest1@5e3a8624]" name="launch" is-config="true" duration-ms="13446" started-at="2019-02-17T12:58:33Z" finished-at="2019-02-17T12:58:46Z">
          <reporter-output>
          </reporter-output>
        </test-method> <!-- launch -->
        <test-method status="PASS" signature="ValidatePortal()[pri:0, instance:TestNGEx.test.NewTest1@5e3a8624]" name="ValidatePortal" duration-ms="779" started-at="2019-02-17T12:58:46Z" finished-at="2019-02-17T12:58:47Z">
          <reporter-output>
          </reporter-output>
        </test-method> <!-- ValidatePortal -->
        <test-method status="PASS" signature="close()[pri:0, instance:TestNGEx.test.NewTest1@5e3a8624]" name="close" is-config="true" duration-ms="1538" started-at="2019-02-17T12:58:47Z" finished-at="2019-02-17T12:58:49Z">
          <reporter-output>
          </reporter-output>
        </test-method> <!-- close -->
      </class> <!-- TestNGEx.test.NewTest1 -->
    </test> <!-- Default test -->
  </suite> <!-- Default suite -->
</testng-results>
